<?xml version="1.0" encoding="UTF-8"?>
<testng-results skipped="0" failed="0" ignored="0" total="1" passed="1">
  <reporter-output>
  </reporter-output>
  <suite name="Default suite" duration-ms="55694" started-at="2019-09-24T09:45:48 EDT" finished-at="2019-09-24T09:46:43 EDT">
    <groups>
    </groups>
    <test name="Default test" duration-ms="55694" started-at="2019-09-24T09:45:48 EDT" finished-at="2019-09-24T09:46:43 EDT">
      <class name="com.training.sanity.tests.LoginTests">
        <test-method status="PASS" signature="setUpBeforeClass()[pri:0, instance:com.training.sanity.tests.LoginTests@6ebc05a6]" name="setUpBeforeClass" is-config="true" duration-ms="78" started-at="2019-09-24T09:45:48 EDT" finished-at="2019-09-24T09:45:48 EDT">
          <reporter-output>
          </reporter-output>
        </test-method> <!-- setUpBeforeClass -->
        <test-method status="PASS" signature="setUp()[pri:0, instance:com.training.sanity.tests.LoginTests@6ebc05a6]" name="setUp" is-config="true" duration-ms="32469" started-at="2019-09-24T09:45:48 EDT" finished-at="2019-09-24T09:46:20 EDT">
          <reporter-output>
          </reporter-output>
        </test-method> <!-- setUp -->
        <test-method status="PASS" signature="validLoginTest()[pri:1, instance:com.training.sanity.tests.LoginTests@6ebc05a6]" name="validLoginTest" duration-ms="14364" started-at="2019-09-24T09:46:20 EDT" finished-at="2019-09-24T09:46:35 EDT">
          <reporter-output>
          </reporter-output>
        </test-method> <!-- validLoginTest -->
        <test-method status="PASS" signature="tearDown()[pri:0, instance:com.training.sanity.tests.LoginTests@6ebc05a6]" name="tearDown" is-config="true" duration-ms="8630" started-at="2019-09-24T09:46:35 EDT" finished-at="2019-09-24T09:46:43 EDT">
          <reporter-output>
          </reporter-output>
        </test-method> <!-- tearDown -->
      </class> <!-- com.training.sanity.tests.LoginTests -->
    </test> <!-- Default test -->
  </suite> <!-- Default suite -->
</testng-results>
