<?xml version="1.0" encoding="UTF-8"?>
<!-- Generated by org.testng.reporters.JUnitXMLReporter -->
<testsuite hostname="DESKTOP-5IH978Q" ignored="0" name="Default test" tests="3" failures="0" timestamp="2019-09-30T21:51:58 EDT" time="82.676" errors="0">
  <testcase name="RETC_043" time="6.117" classname="com.training.sanity.tests.LoginTests2"/>
  <testcase name="RETC_044" time="16.287" classname="com.training.sanity.tests.LoginTests2"/>
  <testcase name="RETC_045" time="16.097" classname="com.training.sanity.tests.LoginTests2"/>
</testsuite> <!-- Default test -->
